<?xml version="1.0" encoding="UTF-8" standalone="no"?>
<!DOCTYPE log SYSTEM "logger.dtd">
<log>
<record>
  <date>2022-05-11T00:56:23</date>
  <millis>1652219783767</millis>
  <sequence>0</sequence>
  <logger>global</logger>
  <level>INFO</level>
  <class>client.Run</class>
  <method>main</method>
  <thread>1</thread>
  <message>Program is running.</message>
</record>
<record>
  <date>2022-05-11T00:57:42</date>
  <millis>1652219862793</millis>
  <sequence>1</sequence>
  <logger>global</logger>
  <level>INFO</level>
  <class>client.Run</class>
  <method>main</method>
  <thread>1</thread>
  <message>Program successful complete.</message>
</record>
</log>
